2025-10-04 21:19:42,708 [INFO] Edge Isolation Forest model loaded successfully
2025-10-04 21:19:46,756 [INFO] Edge Isolation Forest model loaded successfully
2025-10-04 21:19:59,480 [INFO] Edge Isolation Forest model loaded successfully
2025-10-04 21:21:11,982 [INFO] Edge inference for 7faf01c4-1e84-47bd-9d1f-41f182d7fbf8: {'is_anomaly': False, 'score': 0.27786209356081193, 'raw_score': -0.5557241871216239}
2025-10-04 21:21:13,002 [INFO] Edge inference for 7faf01c4-1e84-47bd-9d1f-41f182d7fbf8: {'is_anomaly': True, 'score': 0.28791505992663347, 'raw_score': -0.5758301198532669}
2025-10-04 21:21:14,028 [INFO] Edge inference for 7faf01c4-1e84-47bd-9d1f-41f182d7fbf8: {'is_anomaly': False, 'score': 0.27839421215783927, 'raw_score': -0.5567884243156785}
2025-10-04 21:21:15,054 [INFO] Edge inference for 7faf01c4-1e84-47bd-9d1f-41f182d7fbf8: {'is_anomaly': False, 'score': 0.2778799729235208, 'raw_score': -0.5557599458470416}
2025-10-04 21:21:16,075 [INFO] Edge inference for 7faf01c4-1e84-47bd-9d1f-41f182d7fbf8: {'is_anomaly': False, 'score': 0.2736628276967379, 'raw_score': -0.5473256553934758}
2025-10-04 21:21:17,093 [INFO] Edge inference for 7faf01c4-1e84-47bd-9d1f-41f182d7fbf8: {'is_anomaly': False, 'score': 0.2734491384575231, 'raw_score': -0.5468982769150462}
2025-10-04 21:21:18,110 [INFO] Edge inference for 7faf01c4-1e84-47bd-9d1f-41f182d7fbf8: {'is_anomaly': False, 'score': 0.27650193422448077, 'raw_score': -0.5530038684489615}
2025-10-04 21:21:19,134 [INFO] Edge inference for 7faf01c4-1e84-47bd-9d1f-41f182d7fbf8: {'is_anomaly': False, 'score': 0.27054390723835275, 'raw_score': -0.5410878144767055}
2025-10-04 21:21:20,155 [INFO] Edge inference for 7faf01c4-1e84-47bd-9d1f-41f182d7fbf8: {'is_anomaly': True, 'score': 0.2894084197401899, 'raw_score': -0.5788168394803798}
2025-10-04 21:21:21,175 [INFO] Edge inference for 7faf01c4-1e84-47bd-9d1f-41f182d7fbf8: {'is_anomaly': True, 'score': 0.2832207268278268, 'raw_score': -0.5664414536556536}
2025-10-04 21:21:22,194 [INFO] Edge inference for 7faf01c4-1e84-47bd-9d1f-41f182d7fbf8: {'is_anomaly': True, 'score': 0.28823322828225934, 'raw_score': -0.5764664565645187}
2025-10-04 21:21:23,213 [INFO] Edge inference for 7faf01c4-1e84-47bd-9d1f-41f182d7fbf8: {'is_anomaly': False, 'score': 0.2705665546890413, 'raw_score': -0.5411331093780826}
2025-10-04 21:21:24,229 [INFO] Edge inference for 7faf01c4-1e84-47bd-9d1f-41f182d7fbf8: {'is_anomaly': True, 'score': 0.2835883395099927, 'raw_score': -0.5671766790199854}
2025-10-04 21:21:25,252 [INFO] Edge inference for 7faf01c4-1e84-47bd-9d1f-41f182d7fbf8: {'is_anomaly': True, 'score': 0.2875891414649977, 'raw_score': -0.5751782829299954}
2025-10-04 21:21:26,288 [INFO] Edge inference for 7faf01c4-1e84-47bd-9d1f-41f182d7fbf8: {'is_anomaly': False, 'score': 0.2776522263965009, 'raw_score': -0.5553044527930018}
2025-10-04 21:21:27,316 [INFO] Edge inference for 7faf01c4-1e84-47bd-9d1f-41f182d7fbf8: {'is_anomaly': False, 'score': 0.27025483671332745, 'raw_score': -0.5405096734266549}
2025-10-04 21:21:28,345 [INFO] Edge inference for 7faf01c4-1e84-47bd-9d1f-41f182d7fbf8: {'is_anomaly': False, 'score': 0.2630308190513346, 'raw_score': -0.5260616381026691}
2025-10-04 21:21:29,365 [INFO] Edge inference for 7faf01c4-1e84-47bd-9d1f-41f182d7fbf8: {'is_anomaly': False, 'score': 0.28080758283316604, 'raw_score': -0.5616151656663321}
2025-10-04 21:21:30,385 [INFO] Edge inference for 7faf01c4-1e84-47bd-9d1f-41f182d7fbf8: {'is_anomaly': True, 'score': 0.29148605156372076, 'raw_score': -0.5829721031274415}
2025-10-04 21:21:31,401 [INFO] Edge inference for 7faf01c4-1e84-47bd-9d1f-41f182d7fbf8: {'is_anomaly': False, 'score': 0.2563308540098997, 'raw_score': -0.5126617080197994}
2025-10-04 21:21:32,418 [INFO] Edge inference for 7faf01c4-1e84-47bd-9d1f-41f182d7fbf8: {'is_anomaly': False, 'score': 0.2682378136313828, 'raw_score': -0.5364756272627657}
2025-10-04 21:21:33,440 [INFO] Edge inference for 7faf01c4-1e84-47bd-9d1f-41f182d7fbf8: {'is_anomaly': False, 'score': 0.2752454535745297, 'raw_score': -0.5504909071490593}
2025-10-04 21:21:34,459 [INFO] Edge inference for 7faf01c4-1e84-47bd-9d1f-41f182d7fbf8: {'is_anomaly': True, 'score': 0.2886846007761979, 'raw_score': -0.5773692015523958}
2025-10-04 21:21:35,478 [INFO] Edge inference for 7faf01c4-1e84-47bd-9d1f-41f182d7fbf8: {'is_anomaly': False, 'score': 0.27860325909523326, 'raw_score': -0.5572065181904665}
2025-10-04 21:21:36,498 [INFO] Edge inference for 7faf01c4-1e84-47bd-9d1f-41f182d7fbf8: {'is_anomaly': False, 'score': 0.2774934276990856, 'raw_score': -0.5549868553981712}
2025-10-04 21:21:37,518 [INFO] Edge inference for 7faf01c4-1e84-47bd-9d1f-41f182d7fbf8: {'is_anomaly': False, 'score': 0.26910683439986327, 'raw_score': -0.5382136687997265}
2025-10-04 21:21:38,533 [INFO] Edge inference for 7faf01c4-1e84-47bd-9d1f-41f182d7fbf8: {'is_anomaly': False, 'score': 0.27973300667562095, 'raw_score': -0.5594660133512419}
2025-10-04 21:21:39,551 [INFO] Edge inference for 7faf01c4-1e84-47bd-9d1f-41f182d7fbf8: {'is_anomaly': False, 'score': 0.277257536268216, 'raw_score': -0.554515072536432}
2025-10-04 21:21:40,570 [INFO] Edge inference for 7faf01c4-1e84-47bd-9d1f-41f182d7fbf8: {'is_anomaly': False, 'score': 0.27894614727508005, 'raw_score': -0.5578922945501601}
2025-10-04 21:21:41,589 [INFO] Edge inference for 7faf01c4-1e84-47bd-9d1f-41f182d7fbf8: {'is_anomaly': False, 'score': 0.2635592005178094, 'raw_score': -0.5271184010356188}
2025-10-04 21:21:43,156 [INFO] Edge inference for 7faf01c4-1e84-47bd-9d1f-41f182d7fbf8: {'is_anomaly': False, 'score': 0.26688026167421103, 'raw_score': -0.5337605233484221}
2025-10-04 21:21:44,229 [INFO] Edge inference for 7faf01c4-1e84-47bd-9d1f-41f182d7fbf8: {'is_anomaly': True, 'score': 0.28182814243890486, 'raw_score': -0.5636562848778097}
2025-10-04 21:21:45,310 [INFO] Edge inference for 7faf01c4-1e84-47bd-9d1f-41f182d7fbf8: {'is_anomaly': False, 'score': 0.27674981875113597, 'raw_score': -0.5534996375022719}
2025-10-04 21:21:46,386 [INFO] Edge inference for 7faf01c4-1e84-47bd-9d1f-41f182d7fbf8: {'is_anomaly': False, 'score': 0.2674240246712867, 'raw_score': -0.5348480493425734}
2025-10-04 21:21:47,456 [INFO] Edge inference for 7faf01c4-1e84-47bd-9d1f-41f182d7fbf8: {'is_anomaly': True, 'score': 0.29105115428574974, 'raw_score': -0.5821023085714995}
2025-10-04 21:21:48,526 [INFO] Edge inference for 7faf01c4-1e84-47bd-9d1f-41f182d7fbf8: {'is_anomaly': True, 'score': 0.2880176947928298, 'raw_score': -0.5760353895856596}
2025-10-04 21:21:49,596 [INFO] Edge inference for 7faf01c4-1e84-47bd-9d1f-41f182d7fbf8: {'is_anomaly': True, 'score': 0.2882580740927705, 'raw_score': -0.576516148185541}
2025-10-04 21:21:50,666 [INFO] Edge inference for 7faf01c4-1e84-47bd-9d1f-41f182d7fbf8: {'is_anomaly': False, 'score': 0.26927894081337755, 'raw_score': -0.5385578816267551}
2025-10-04 21:21:51,734 [INFO] Edge inference for 7faf01c4-1e84-47bd-9d1f-41f182d7fbf8: {'is_anomaly': True, 'score': 0.2859055380349463, 'raw_score': -0.5718110760698926}
2025-10-04 21:21:52,809 [INFO] Edge inference for 7faf01c4-1e84-47bd-9d1f-41f182d7fbf8: {'is_anomaly': True, 'score': 0.29485176129729856, 'raw_score': -0.5897035225945971}
2025-10-04 21:21:53,879 [INFO] Edge inference for 7faf01c4-1e84-47bd-9d1f-41f182d7fbf8: {'is_anomaly': False, 'score': 0.25369649117444953, 'raw_score': -0.5073929823488991}
2025-10-04 21:21:54,968 [INFO] Edge inference for 7faf01c4-1e84-47bd-9d1f-41f182d7fbf8: {'is_anomaly': False, 'score': 0.272807157205349, 'raw_score': -0.545614314410698}
2025-10-04 21:21:56,094 [INFO] Edge inference for 7faf01c4-1e84-47bd-9d1f-41f182d7fbf8: {'is_anomaly': True, 'score': 0.28173352685265135, 'raw_score': -0.5634670537053027}
2025-10-04 21:21:57,177 [INFO] Edge inference for 7faf01c4-1e84-47bd-9d1f-41f182d7fbf8: {'is_anomaly': False, 'score': 0.272216676979182, 'raw_score': -0.544433353958364}
2025-10-04 22:45:36,922 [INFO] Edge Isolation Forest model loaded successfully
2025-10-04 23:07:57,205 [INFO] Edge Isolation Forest model loaded successfully
2025-10-04 23:08:05,833 [INFO] Edge Isolation Forest model loaded successfully
2025-10-04 23:08:09,690 [INFO] Edge Isolation Forest model loaded successfully
2025-10-04 23:08:22,949 [INFO] Edge Isolation Forest model loaded successfully
2025-10-04 23:20:58,693 [INFO] Edge inference for 7faf01c4-1e84-47bd-9d1f-41f182d7fbf8: {'is_anomaly': False, 'score': 0.2797422559362719, 'raw_score': -0.5594845118725438}
2025-10-04 23:20:59,713 [INFO] Edge inference for 7faf01c4-1e84-47bd-9d1f-41f182d7fbf8: {'is_anomaly': True, 'score': 0.28437019232391364, 'raw_score': -0.5687403846478273}
2025-10-04 23:21:00,732 [INFO] Edge inference for 7faf01c4-1e84-47bd-9d1f-41f182d7fbf8: {'is_anomaly': True, 'score': 0.2847416452915055, 'raw_score': -0.569483290583011}
2025-10-04 23:21:01,751 [INFO] Edge inference for 7faf01c4-1e84-47bd-9d1f-41f182d7fbf8: {'is_anomaly': True, 'score': 0.283363636394424, 'raw_score': -0.566727272788848}
2025-10-04 23:21:02,771 [INFO] Edge inference for 7faf01c4-1e84-47bd-9d1f-41f182d7fbf8: {'is_anomaly': True, 'score': 0.28188535540756604, 'raw_score': -0.5637707108151321}
2025-10-04 23:21:03,791 [INFO] Edge inference for 7faf01c4-1e84-47bd-9d1f-41f182d7fbf8: {'is_anomaly': False, 'score': 0.2706472847392131, 'raw_score': -0.5412945694784262}
2025-10-04 23:21:04,811 [INFO] Edge inference for 7faf01c4-1e84-47bd-9d1f-41f182d7fbf8: {'is_anomaly': False, 'score': 0.27060944948996085, 'raw_score': -0.5412188989799217}
2025-10-04 23:21:05,832 [INFO] Edge inference for 7faf01c4-1e84-47bd-9d1f-41f182d7fbf8: {'is_anomaly': True, 'score': 0.28953989766615834, 'raw_score': -0.5790797953323167}
2025-10-04 23:21:06,850 [INFO] Edge inference for 7faf01c4-1e84-47bd-9d1f-41f182d7fbf8: {'is_anomaly': True, 'score': 0.2824952717484828, 'raw_score': -0.5649905434969656}
2025-10-04 23:21:07,872 [INFO] Edge inference for 7faf01c4-1e84-47bd-9d1f-41f182d7fbf8: {'is_anomaly': True, 'score': 0.28637832733089497, 'raw_score': -0.5727566546617899}
2025-10-04 23:21:08,911 [INFO] Edge inference for 7faf01c4-1e84-47bd-9d1f-41f182d7fbf8: {'is_anomaly': True, 'score': 0.30518839292132327, 'raw_score': -0.6103767858426465}
2025-10-04 23:21:09,936 [INFO] Edge inference for 7faf01c4-1e84-47bd-9d1f-41f182d7fbf8: {'is_anomaly': False, 'score': 0.27225333736098495, 'raw_score': -0.5445066747219699}
2025-10-04 23:21:10,969 [INFO] Edge inference for 7faf01c4-1e84-47bd-9d1f-41f182d7fbf8: {'is_anomaly': False, 'score': 0.27764499335635007, 'raw_score': -0.5552899867127001}
2025-10-04 23:28:57,148 [INFO] Edge Isolation Forest model loaded successfully
2025-10-04 23:31:22,047 [INFO] Edge Isolation Forest model loaded successfully
2025-10-04 23:32:56,319 [INFO] Edge inference for 7faf01c4-1e84-47bd-9d1f-41f182d7fbf8: {'is_anomaly': True, 'score': 0.28177303666469483, 'raw_score': -0.5635460733293897}
2025-10-04 23:32:57,339 [INFO] Edge inference for 7faf01c4-1e84-47bd-9d1f-41f182d7fbf8: {'is_anomaly': False, 'score': 0.25941897047492446, 'raw_score': -0.5188379409498489}
2025-10-04 23:32:58,359 [INFO] Edge inference for 7faf01c4-1e84-47bd-9d1f-41f182d7fbf8: {'is_anomaly': False, 'score': 0.2708436799914162, 'raw_score': -0.5416873599828324}
2025-10-04 23:32:59,856 [INFO] Edge inference for 7faf01c4-1e84-47bd-9d1f-41f182d7fbf8: {'is_anomaly': True, 'score': 0.288576936712554, 'raw_score': -0.577153873425108}
2025-10-04 23:33:00,876 [INFO] Edge inference for 7faf01c4-1e84-47bd-9d1f-41f182d7fbf8: {'is_anomaly': False, 'score': 0.2632696006672726, 'raw_score': -0.5265392013345452}
2025-10-04 23:33:01,894 [INFO] Edge inference for 7faf01c4-1e84-47bd-9d1f-41f182d7fbf8: {'is_anomaly': False, 'score': 0.27008053044264757, 'raw_score': -0.5401610608852951}
2025-10-04 23:33:02,916 [INFO] Edge inference for 7faf01c4-1e84-47bd-9d1f-41f182d7fbf8: {'is_anomaly': True, 'score': 0.281282378899436, 'raw_score': -0.562564757798872}
2025-10-04 23:33:03,936 [INFO] Edge inference for 7faf01c4-1e84-47bd-9d1f-41f182d7fbf8: {'is_anomaly': False, 'score': 0.2593841054724077, 'raw_score': -0.5187682109448154}
2025-10-04 23:33:04,957 [INFO] Edge inference for 7faf01c4-1e84-47bd-9d1f-41f182d7fbf8: {'is_anomaly': False, 'score': 0.27302717908236324, 'raw_score': -0.5460543581647265}
2025-10-04 23:33:05,975 [INFO] Edge inference for 7faf01c4-1e84-47bd-9d1f-41f182d7fbf8: {'is_anomaly': False, 'score': 0.2777722472751539, 'raw_score': -0.5555444945503079}
2025-10-04 23:33:06,996 [INFO] Edge inference for 7faf01c4-1e84-47bd-9d1f-41f182d7fbf8: {'is_anomaly': True, 'score': 0.2855550078752107, 'raw_score': -0.5711100157504214}
2025-10-04 23:33:08,015 [INFO] Edge inference for 7faf01c4-1e84-47bd-9d1f-41f182d7fbf8: {'is_anomaly': False, 'score': 0.2759596579514958, 'raw_score': -0.5519193159029916}
2025-10-04 23:33:09,036 [INFO] Edge inference for 7faf01c4-1e84-47bd-9d1f-41f182d7fbf8: {'is_anomaly': True, 'score': 0.28261572535043633, 'raw_score': -0.5652314507008727}
2025-10-04 23:33:10,055 [INFO] Edge inference for 7faf01c4-1e84-47bd-9d1f-41f182d7fbf8: {'is_anomaly': True, 'score': 0.28593522666076465, 'raw_score': -0.5718704533215293}
2025-10-04 23:33:11,074 [INFO] Edge inference for 7faf01c4-1e84-47bd-9d1f-41f182d7fbf8: {'is_anomaly': False, 'score': 0.281070398639591, 'raw_score': -0.562140797279182}
2025-10-04 23:33:12,092 [INFO] Edge inference for 7faf01c4-1e84-47bd-9d1f-41f182d7fbf8: {'is_anomaly': False, 'score': 0.27186754464768736, 'raw_score': -0.5437350892953747}
2025-10-04 23:33:13,111 [INFO] Edge inference for 7faf01c4-1e84-47bd-9d1f-41f182d7fbf8: {'is_anomaly': False, 'score': 0.2686345512634071, 'raw_score': -0.5372691025268141}
2025-10-04 23:33:14,129 [INFO] Edge inference for 7faf01c4-1e84-47bd-9d1f-41f182d7fbf8: {'is_anomaly': True, 'score': 0.2856407107417836, 'raw_score': -0.5712814214835672}
2025-10-04 23:33:15,148 [INFO] Edge inference for 7faf01c4-1e84-47bd-9d1f-41f182d7fbf8: {'is_anomaly': True, 'score': 0.28393503385981866, 'raw_score': -0.5678700677196373}
2025-10-04 23:33:16,166 [INFO] Edge inference for 7faf01c4-1e84-47bd-9d1f-41f182d7fbf8: {'is_anomaly': True, 'score': 0.28874492722874434, 'raw_score': -0.5774898544574887}
2025-10-04 23:52:32,581 [INFO] Edge Isolation Forest model loaded successfully
2025-10-04 23:54:29,265 [INFO] Edge Isolation Forest model loaded successfully
2025-10-04 23:54:39,239 [INFO] Edge Isolation Forest model loaded successfully
2025-10-04 23:57:37,619 [INFO] Edge inference for 7faf01c4-1e84-47bd-9d1f-41f182d7fbf8: {'is_anomaly': False, 'score': 0.266873373363743, 'raw_score': -0.533746746727486}
2025-10-04 23:57:38,639 [INFO] Edge inference for 7faf01c4-1e84-47bd-9d1f-41f182d7fbf8: {'is_anomaly': False, 'score': 0.2728167690802995, 'raw_score': -0.545633538160599}
2025-10-04 23:57:39,659 [INFO] Edge inference for 7faf01c4-1e84-47bd-9d1f-41f182d7fbf8: {'is_anomaly': False, 'score': 0.2710391782313157, 'raw_score': -0.5420783564626314}
2025-10-04 23:57:40,678 [INFO] Edge inference for 7faf01c4-1e84-47bd-9d1f-41f182d7fbf8: {'is_anomaly': True, 'score': 0.2853771899428478, 'raw_score': -0.5707543798856956}
2025-10-04 23:57:41,695 [INFO] Edge inference for 7faf01c4-1e84-47bd-9d1f-41f182d7fbf8: {'is_anomaly': False, 'score': 0.2741703700602493, 'raw_score': -0.5483407401204986}
2025-10-04 23:57:42,713 [INFO] Edge inference for 7faf01c4-1e84-47bd-9d1f-41f182d7fbf8: {'is_anomaly': True, 'score': 0.2842664402427382, 'raw_score': -0.5685328804854765}
2025-10-04 23:57:43,735 [INFO] Edge inference for 7faf01c4-1e84-47bd-9d1f-41f182d7fbf8: {'is_anomaly': False, 'score': 0.267383271056659, 'raw_score': -0.534766542113318}
2025-10-04 23:57:44,755 [INFO] Edge inference for 7faf01c4-1e84-47bd-9d1f-41f182d7fbf8: {'is_anomaly': False, 'score': 0.27450145700130507, 'raw_score': -0.5490029140026101}
2025-10-04 23:57:45,774 [INFO] Edge inference for 7faf01c4-1e84-47bd-9d1f-41f182d7fbf8: {'is_anomaly': False, 'score': 0.2634725493795941, 'raw_score': -0.5269450987591882}
2025-10-04 23:57:46,793 [INFO] Edge inference for 7faf01c4-1e84-47bd-9d1f-41f182d7fbf8: {'is_anomaly': False, 'score': 0.26881215777436857, 'raw_score': -0.5376243155487371}
2025-10-04 23:57:47,811 [INFO] Edge inference for 7faf01c4-1e84-47bd-9d1f-41f182d7fbf8: {'is_anomaly': False, 'score': 0.27621015094742535, 'raw_score': -0.5524203018948507}
2025-10-04 23:57:48,830 [INFO] Edge inference for 7faf01c4-1e84-47bd-9d1f-41f182d7fbf8: {'is_anomaly': False, 'score': 0.2718511344879186, 'raw_score': -0.5437022689758372}
2025-10-04 23:57:49,852 [INFO] Edge inference for 7faf01c4-1e84-47bd-9d1f-41f182d7fbf8: {'is_anomaly': False, 'score': 0.2695720055559484, 'raw_score': -0.5391440111118968}
2025-10-04 23:57:50,873 [INFO] Edge inference for 7faf01c4-1e84-47bd-9d1f-41f182d7fbf8: {'is_anomaly': False, 'score': 0.26742559309199454, 'raw_score': -0.5348511861839891}
2025-10-04 23:57:51,893 [INFO] Edge inference for 7faf01c4-1e84-47bd-9d1f-41f182d7fbf8: {'is_anomaly': False, 'score': 0.2672398055065443, 'raw_score': -0.5344796110130886}
2025-10-04 23:57:52,917 [INFO] Edge inference for 7faf01c4-1e84-47bd-9d1f-41f182d7fbf8: {'is_anomaly': False, 'score': 0.27075003724233515, 'raw_score': -0.5415000744846703}
2025-10-04 23:57:53,939 [INFO] Edge inference for 7faf01c4-1e84-47bd-9d1f-41f182d7fbf8: {'is_anomaly': True, 'score': 0.2859138889375265, 'raw_score': -0.571827777875053}
2025-10-04 23:57:54,959 [INFO] Edge inference for 7faf01c4-1e84-47bd-9d1f-41f182d7fbf8: {'is_anomaly': True, 'score': 0.2911065361181743, 'raw_score': -0.5822130722363485}
2025-10-04 23:57:56,462 [INFO] Edge inference for 7faf01c4-1e84-47bd-9d1f-41f182d7fbf8: {'is_anomaly': False, 'score': 0.2765209180502468, 'raw_score': -0.5530418361004936}
2025-10-04 23:57:57,481 [INFO] Edge inference for 7faf01c4-1e84-47bd-9d1f-41f182d7fbf8: {'is_anomaly': False, 'score': 0.272642149151313, 'raw_score': -0.545284298302626}
2025-10-04 23:57:58,500 [INFO] Edge inference for 7faf01c4-1e84-47bd-9d1f-41f182d7fbf8: {'is_anomaly': True, 'score': 0.28556868300034577, 'raw_score': -0.5711373660006915}
2025-10-04 23:57:59,520 [INFO] Edge inference for 7faf01c4-1e84-47bd-9d1f-41f182d7fbf8: {'is_anomaly': False, 'score': 0.27272770610412395, 'raw_score': -0.5454554122082479}
2025-10-04 23:58:00,539 [INFO] Edge inference for 7faf01c4-1e84-47bd-9d1f-41f182d7fbf8: {'is_anomaly': False, 'score': 0.2769995806749053, 'raw_score': -0.5539991613498106}
2025-10-04 23:58:01,559 [INFO] Edge inference for 7faf01c4-1e84-47bd-9d1f-41f182d7fbf8: {'is_anomaly': False, 'score': 0.26662783033834414, 'raw_score': -0.5332556606766883}
2025-10-04 23:58:02,578 [INFO] Edge inference for 7faf01c4-1e84-47bd-9d1f-41f182d7fbf8: {'is_anomaly': True, 'score': 0.28733638617359275, 'raw_score': -0.5746727723471855}
2025-10-04 23:58:03,595 [INFO] Edge inference for 7faf01c4-1e84-47bd-9d1f-41f182d7fbf8: {'is_anomaly': False, 'score': 0.2716663690599421, 'raw_score': -0.5433327381198843}
2025-10-04 23:58:04,614 [INFO] Edge inference for 7faf01c4-1e84-47bd-9d1f-41f182d7fbf8: {'is_anomaly': False, 'score': 0.270450818399549, 'raw_score': -0.540901636799098}
2025-10-04 23:58:05,630 [INFO] Edge inference for 7faf01c4-1e84-47bd-9d1f-41f182d7fbf8: {'is_anomaly': True, 'score': 0.2866557586133876, 'raw_score': -0.5733115172267752}
2025-10-04 23:58:06,652 [INFO] Edge inference for 7faf01c4-1e84-47bd-9d1f-41f182d7fbf8: {'is_anomaly': False, 'score': 0.26379352684172425, 'raw_score': -0.5275870536834485}
2025-10-04 23:58:07,671 [INFO] Edge inference for 7faf01c4-1e84-47bd-9d1f-41f182d7fbf8: {'is_anomaly': False, 'score': 0.27853395942846904, 'raw_score': -0.5570679188569381}
2025-10-04 23:58:09,300 [INFO] Edge inference for 7faf01c4-1e84-47bd-9d1f-41f182d7fbf8: {'is_anomaly': False, 'score': 0.2751158255460024, 'raw_score': -0.5502316510920048}
2025-10-04 23:58:10,380 [INFO] Edge inference for 7faf01c4-1e84-47bd-9d1f-41f182d7fbf8: {'is_anomaly': False, 'score': 0.2646492762359618, 'raw_score': -0.5292985524719236}
2025-10-04 23:58:11,457 [INFO] Edge inference for 7faf01c4-1e84-47bd-9d1f-41f182d7fbf8: {'is_anomaly': False, 'score': 0.2792121848290826, 'raw_score': -0.5584243696581652}
2025-10-04 23:58:12,533 [INFO] Edge inference for 7faf01c4-1e84-47bd-9d1f-41f182d7fbf8: {'is_anomaly': False, 'score': 0.28119924933235985, 'raw_score': -0.5623984986647197}
2025-10-04 23:58:13,605 [INFO] Edge inference for 7faf01c4-1e84-47bd-9d1f-41f182d7fbf8: {'is_anomaly': True, 'score': 0.28772196062228056, 'raw_score': -0.5754439212445611}
2025-10-04 23:58:14,673 [INFO] Edge inference for 7faf01c4-1e84-47bd-9d1f-41f182d7fbf8: {'is_anomaly': False, 'score': 0.2696864593538434, 'raw_score': -0.5393729187076868}
2025-10-04 23:58:15,742 [INFO] Edge inference for 7faf01c4-1e84-47bd-9d1f-41f182d7fbf8: {'is_anomaly': False, 'score': 0.2692149156186681, 'raw_score': -0.5384298312373362}
2025-10-04 23:58:16,814 [INFO] Edge inference for 7faf01c4-1e84-47bd-9d1f-41f182d7fbf8: {'is_anomaly': True, 'score': 0.28183101995853255, 'raw_score': -0.5636620399170651}
2025-10-04 23:58:17,894 [INFO] Edge inference for 7faf01c4-1e84-47bd-9d1f-41f182d7fbf8: {'is_anomaly': False, 'score': 0.2778945340376896, 'raw_score': -0.5557890680753792}
2025-10-04 23:58:18,968 [INFO] Edge inference for 7faf01c4-1e84-47bd-9d1f-41f182d7fbf8: {'is_anomaly': False, 'score': 0.27598086129657384, 'raw_score': -0.5519617225931477}
2025-10-04 23:58:20,041 [INFO] Edge inference for 7faf01c4-1e84-47bd-9d1f-41f182d7fbf8: {'is_anomaly': True, 'score': 0.28141286775857466, 'raw_score': -0.5628257355171493}
2025-10-04 23:58:21,114 [INFO] Edge inference for 7faf01c4-1e84-47bd-9d1f-41f182d7fbf8: {'is_anomaly': False, 'score': 0.2752575278762785, 'raw_score': -0.550515055752557}
2025-10-04 23:58:22,182 [INFO] Edge inference for 7faf01c4-1e84-47bd-9d1f-41f182d7fbf8: {'is_anomaly': False, 'score': 0.281046531021148, 'raw_score': -0.562093062042296}
2025-10-04 23:58:23,253 [INFO] Edge inference for 7faf01c4-1e84-47bd-9d1f-41f182d7fbf8: {'is_anomaly': False, 'score': 0.2669480408941574, 'raw_score': -0.5338960817883148}
2025-10-04 23:58:24,330 [INFO] Edge inference for 7faf01c4-1e84-47bd-9d1f-41f182d7fbf8: {'is_anomaly': True, 'score': 0.2894255329335293, 'raw_score': -0.5788510658670586}
2025-10-04 23:58:25,396 [INFO] Edge inference for 7faf01c4-1e84-47bd-9d1f-41f182d7fbf8: {'is_anomaly': False, 'score': 0.2615715539552681, 'raw_score': -0.5231431079105362}
2025-10-04 23:58:26,466 [INFO] Edge inference for 7faf01c4-1e84-47bd-9d1f-41f182d7fbf8: {'is_anomaly': False, 'score': 0.2636664389437938, 'raw_score': -0.5273328778875876}
2025-10-04 23:58:27,534 [INFO] Edge inference for 7faf01c4-1e84-47bd-9d1f-41f182d7fbf8: {'is_anomaly': False, 'score': 0.2552470345622359, 'raw_score': -0.5104940691244718}
2025-10-04 23:58:29,109 [INFO] Edge inference for 7faf01c4-1e84-47bd-9d1f-41f182d7fbf8: {'is_anomaly': True, 'score': 0.2870844063281075, 'raw_score': -0.574168812656215}
2025-10-04 23:58:30,181 [INFO] Edge inference for 7faf01c4-1e84-47bd-9d1f-41f182d7fbf8: {'is_anomaly': False, 'score': 0.27238906488983955, 'raw_score': -0.5447781297796791}
2025-10-04 23:58:31,252 [INFO] Edge inference for 7faf01c4-1e84-47bd-9d1f-41f182d7fbf8: {'is_anomaly': True, 'score': 0.28342250871083663, 'raw_score': -0.5668450174216733}
2025-10-04 23:58:32,322 [INFO] Edge inference for 7faf01c4-1e84-47bd-9d1f-41f182d7fbf8: {'is_anomaly': True, 'score': 0.2841403956579042, 'raw_score': -0.5682807913158084}
2025-10-05 00:02:29,741 [INFO] Edge Isolation Forest model loaded successfully
2025-10-05 00:02:36,307 [INFO] Edge Isolation Forest model loaded successfully
2025-10-05 00:02:40,046 [INFO] Edge Isolation Forest model loaded successfully
2025-10-05 00:04:17,249 [INFO] Edge Isolation Forest model loaded successfully
2025-10-05 00:04:21,569 [INFO] Edge inference for did:ethr:0xF5FF151B15355D889C7E559c0A425d9E4E73DC5c: {'is_anomaly': False, 'score': 0.2737495014973713, 'raw_score': -0.5474990029947426}
2025-10-05 00:04:22,590 [INFO] Edge inference for did:ethr:0xF5FF151B15355D889C7E559c0A425d9E4E73DC5c: {'is_anomaly': True, 'score': 0.2853461328037568, 'raw_score': -0.5706922656075136}
2025-10-05 00:04:23,607 [INFO] Edge inference for did:ethr:0xF5FF151B15355D889C7E559c0A425d9E4E73DC5c: {'is_anomaly': False, 'score': 0.2758385056097786, 'raw_score': -0.5516770112195571}
2025-10-05 00:04:24,626 [INFO] Edge inference for did:ethr:0xF5FF151B15355D889C7E559c0A425d9E4E73DC5c: {'is_anomaly': False, 'score': 0.26898430583337996, 'raw_score': -0.5379686116667599}
2025-10-05 00:04:25,647 [INFO] Edge inference for did:ethr:0xF5FF151B15355D889C7E559c0A425d9E4E73DC5c: {'is_anomaly': False, 'score': 0.2712313395595294, 'raw_score': -0.5424626791190588}
2025-10-05 00:04:26,671 [INFO] Edge inference for did:ethr:0xF5FF151B15355D889C7E559c0A425d9E4E73DC5c: {'is_anomaly': False, 'score': 0.27319592777518054, 'raw_score': -0.5463918555503611}
2025-10-05 00:04:27,687 [INFO] Edge inference for did:ethr:0xF5FF151B15355D889C7E559c0A425d9E4E73DC5c: {'is_anomaly': False, 'score': 0.2809770138457674, 'raw_score': -0.5619540276915348}
2025-10-05 00:04:28,705 [INFO] Edge inference for did:ethr:0xF5FF151B15355D889C7E559c0A425d9E4E73DC5c: {'is_anomaly': False, 'score': 0.26513344255226284, 'raw_score': -0.5302668851045257}
2025-10-05 00:04:30,288 [INFO] Edge inference for did:ethr:0xF5FF151B15355D889C7E559c0A425d9E4E73DC5c: {'is_anomaly': True, 'score': 0.295537273786224, 'raw_score': -0.591074547572448}
2025-10-05 00:04:31,311 [INFO] Edge inference for did:ethr:0xF5FF151B15355D889C7E559c0A425d9E4E73DC5c: {'is_anomaly': True, 'score': 0.28212750122339714, 'raw_score': -0.5642550024467943}
2025-10-05 00:04:32,338 [INFO] Edge inference for did:ethr:0xF5FF151B15355D889C7E559c0A425d9E4E73DC5c: {'is_anomaly': False, 'score': 0.2787155324991892, 'raw_score': -0.5574310649983784}
2025-10-05 00:04:33,357 [INFO] Edge inference for did:ethr:0xF5FF151B15355D889C7E559c0A425d9E4E73DC5c: {'is_anomaly': True, 'score': 0.2841781756209036, 'raw_score': -0.5683563512418072}
2025-10-05 00:04:34,378 [INFO] Edge inference for did:ethr:0xF5FF151B15355D889C7E559c0A425d9E4E73DC5c: {'is_anomaly': False, 'score': 0.2703117097975034, 'raw_score': -0.5406234195950068}
2025-10-05 00:04:35,395 [INFO] Edge inference for did:ethr:0xF5FF151B15355D889C7E559c0A425d9E4E73DC5c: {'is_anomaly': True, 'score': 0.284731672446455, 'raw_score': -0.56946334489291}
2025-10-05 00:04:36,416 [INFO] Edge inference for did:ethr:0xF5FF151B15355D889C7E559c0A425d9E4E73DC5c: {'is_anomaly': False, 'score': 0.262612421897703, 'raw_score': -0.525224843795406}
2025-10-05 00:04:37,435 [INFO] Edge inference for did:ethr:0xF5FF151B15355D889C7E559c0A425d9E4E73DC5c: {'is_anomaly': False, 'score': 0.27646843487660244, 'raw_score': -0.5529368697532049}
2025-10-05 00:04:38,455 [INFO] Edge inference for did:ethr:0xF5FF151B15355D889C7E559c0A425d9E4E73DC5c: {'is_anomaly': False, 'score': 0.2742036537972108, 'raw_score': -0.5484073075944216}
2025-10-05 00:04:39,474 [INFO] Edge inference for did:ethr:0xF5FF151B15355D889C7E559c0A425d9E4E73DC5c: {'is_anomaly': False, 'score': 0.2630934171494278, 'raw_score': -0.5261868342988556}
2025-10-05 00:04:40,491 [INFO] Edge inference for did:ethr:0xF5FF151B15355D889C7E559c0A425d9E4E73DC5c: {'is_anomaly': False, 'score': 0.2792388246238963, 'raw_score': -0.5584776492477926}
2025-10-05 00:04:41,510 [INFO] Edge inference for did:ethr:0xF5FF151B15355D889C7E559c0A425d9E4E73DC5c: {'is_anomaly': False, 'score': 0.2671620003521301, 'raw_score': -0.5343240007042602}
2025-10-05 00:04:42,530 [INFO] Edge inference for did:ethr:0xF5FF151B15355D889C7E559c0A425d9E4E73DC5c: {'is_anomaly': True, 'score': 0.2826884293690911, 'raw_score': -0.5653768587381822}
2025-10-05 00:04:43,550 [INFO] Edge inference for did:ethr:0xF5FF151B15355D889C7E559c0A425d9E4E73DC5c: {'is_anomaly': True, 'score': 0.2970631212838943, 'raw_score': -0.5941262425677886}
2025-10-05 00:04:44,570 [INFO] Edge inference for did:ethr:0xF5FF151B15355D889C7E559c0A425d9E4E73DC5c: {'is_anomaly': True, 'score': 0.28512348266993576, 'raw_score': -0.5702469653398715}
2025-10-05 00:04:45,590 [INFO] Edge inference for did:ethr:0xF5FF151B15355D889C7E559c0A425d9E4E73DC5c: {'is_anomaly': False, 'score': 0.2734429650854716, 'raw_score': -0.5468859301709432}
2025-10-05 00:04:46,616 [INFO] Edge inference for did:ethr:0xF5FF151B15355D889C7E559c0A425d9E4E73DC5c: {'is_anomaly': False, 'score': 0.26922988202183173, 'raw_score': -0.5384597640436635}
2025-10-05 00:04:47,636 [INFO] Edge inference for did:ethr:0xF5FF151B15355D889C7E559c0A425d9E4E73DC5c: {'is_anomaly': False, 'score': 0.27388570776476756, 'raw_score': -0.5477714155295351}
2025-10-05 00:04:48,661 [INFO] Edge inference for did:ethr:0xF5FF151B15355D889C7E559c0A425d9E4E73DC5c: {'is_anomaly': False, 'score': 0.28096392292997285, 'raw_score': -0.5619278458599457}
2025-10-05 00:04:49,681 [INFO] Edge inference for did:ethr:0xF5FF151B15355D889C7E559c0A425d9E4E73DC5c: {'is_anomaly': True, 'score': 0.2886739885453579, 'raw_score': -0.5773479770907158}
2025-10-05 00:04:50,699 [INFO] Edge inference for did:ethr:0xF5FF151B15355D889C7E559c0A425d9E4E73DC5c: {'is_anomaly': True, 'score': 0.2974304439971989, 'raw_score': -0.5948608879943978}
2025-10-05 00:04:51,721 [INFO] Edge inference for did:ethr:0xF5FF151B15355D889C7E559c0A425d9E4E73DC5c: {'is_anomaly': True, 'score': 0.2849807169823779, 'raw_score': -0.5699614339647558}
2025-10-05 00:04:53,306 [INFO] Edge inference for did:ethr:0xF5FF151B15355D889C7E559c0A425d9E4E73DC5c: {'is_anomaly': False, 'score': 0.2694453639415251, 'raw_score': -0.5388907278830501}
2025-10-05 00:04:54,403 [INFO] Edge inference for did:ethr:0xF5FF151B15355D889C7E559c0A425d9E4E73DC5c: {'is_anomaly': False, 'score': 0.27576140332937205, 'raw_score': -0.5515228066587441}
2025-10-05 00:04:55,494 [INFO] Edge inference for did:ethr:0xF5FF151B15355D889C7E559c0A425d9E4E73DC5c: {'is_anomaly': True, 'score': 0.286576249907108, 'raw_score': -0.573152499814216}
2025-10-05 00:04:56,565 [INFO] Edge inference for did:ethr:0xF5FF151B15355D889C7E559c0A425d9E4E73DC5c: {'is_anomaly': True, 'score': 0.2890401732565809, 'raw_score': -0.5780803465131618}
2025-10-05 00:04:57,636 [INFO] Edge inference for did:ethr:0xF5FF151B15355D889C7E559c0A425d9E4E73DC5c: {'is_anomaly': False, 'score': 0.2675809839377723, 'raw_score': -0.5351619678755446}
2025-10-05 00:04:58,709 [INFO] Edge inference for did:ethr:0xF5FF151B15355D889C7E559c0A425d9E4E73DC5c: {'is_anomaly': True, 'score': 0.28956708158787936, 'raw_score': -0.5791341631757587}
2025-10-05 00:04:59,781 [INFO] Edge inference for did:ethr:0xF5FF151B15355D889C7E559c0A425d9E4E73DC5c: {'is_anomaly': False, 'score': 0.2691085167051667, 'raw_score': -0.5382170334103334}
2025-10-05 00:05:00,853 [INFO] Edge inference for did:ethr:0xF5FF151B15355D889C7E559c0A425d9E4E73DC5c: {'is_anomaly': False, 'score': 0.26317842069646674, 'raw_score': -0.5263568413929335}
2025-10-05 00:05:01,924 [INFO] Edge inference for did:ethr:0xF5FF151B15355D889C7E559c0A425d9E4E73DC5c: {'is_anomaly': False, 'score': 0.27051493729948, 'raw_score': -0.54102987459896}
2025-10-05 00:05:03,561 [INFO] Edge inference for did:ethr:0xF5FF151B15355D889C7E559c0A425d9E4E73DC5c: {'is_anomaly': True, 'score': 0.2842653731051356, 'raw_score': -0.5685307462102712}
2025-10-05 00:05:04,633 [INFO] Edge inference for did:ethr:0xF5FF151B15355D889C7E559c0A425d9E4E73DC5c: {'is_anomaly': False, 'score': 0.2765753740731592, 'raw_score': -0.5531507481463184}
2025-10-05 00:05:05,705 [INFO] Edge inference for did:ethr:0xF5FF151B15355D889C7E559c0A425d9E4E73DC5c: {'is_anomaly': False, 'score': 0.26098847480251586, 'raw_score': -0.5219769496050317}
2025-10-05 00:05:06,778 [INFO] Edge inference for did:ethr:0xF5FF151B15355D889C7E559c0A425d9E4E73DC5c: {'is_anomaly': True, 'score': 0.28739200828353706, 'raw_score': -0.5747840165670741}
2025-10-05 00:05:07,848 [INFO] Edge inference for did:ethr:0xF5FF151B15355D889C7E559c0A425d9E4E73DC5c: {'is_anomaly': True, 'score': 0.2851828775977351, 'raw_score': -0.5703657551954702}
2025-10-05 00:05:08,916 [INFO] Edge inference for did:ethr:0xF5FF151B15355D889C7E559c0A425d9E4E73DC5c: {'is_anomaly': False, 'score': 0.2621095018708154, 'raw_score': -0.5242190037416308}
2025-10-05 00:05:09,981 [INFO] Edge inference for did:ethr:0xF5FF151B15355D889C7E559c0A425d9E4E73DC5c: {'is_anomaly': False, 'score': 0.2668066256354104, 'raw_score': -0.5336132512708208}
2025-10-05 00:05:11,048 [INFO] Edge inference for did:ethr:0xF5FF151B15355D889C7E559c0A425d9E4E73DC5c: {'is_anomaly': True, 'score': 0.2822755372028769, 'raw_score': -0.5645510744057538}
2025-10-05 00:05:12,113 [INFO] Edge inference for did:ethr:0xF5FF151B15355D889C7E559c0A425d9E4E73DC5c: {'is_anomaly': True, 'score': 0.28133696269281055, 'raw_score': -0.5626739253856211}
2025-10-05 00:05:13,180 [INFO] Edge inference for did:ethr:0xF5FF151B15355D889C7E559c0A425d9E4E73DC5c: {'is_anomaly': True, 'score': 0.30323515019296404, 'raw_score': -0.6064703003859281}
2025-10-05 00:05:14,244 [INFO] Edge inference for did:ethr:0xF5FF151B15355D889C7E559c0A425d9E4E73DC5c: {'is_anomaly': True, 'score': 0.28341600482861, 'raw_score': -0.56683200965722}
2025-10-05 00:05:15,312 [INFO] Edge inference for did:ethr:0xF5FF151B15355D889C7E559c0A425d9E4E73DC5c: {'is_anomaly': False, 'score': 0.26602037791055566, 'raw_score': -0.5320407558211113}
2025-10-05 00:05:16,385 [INFO] Edge inference for did:ethr:0xF5FF151B15355D889C7E559c0A425d9E4E73DC5c: {'is_anomaly': True, 'score': 0.28624887344884975, 'raw_score': -0.5724977468976995}
2025-10-05 00:05:17,456 [INFO] Edge inference for did:ethr:0xF5FF151B15355D889C7E559c0A425d9E4E73DC5c: {'is_anomaly': True, 'score': 0.28518919461301706, 'raw_score': -0.5703783892260341}
2025-10-05 00:05:18,527 [INFO] Edge inference for did:ethr:0xF5FF151B15355D889C7E559c0A425d9E4E73DC5c: {'is_anomaly': False, 'score': 0.27530110422729953, 'raw_score': -0.5506022084545991}
2025-10-05 00:05:19,606 [INFO] Edge inference for did:ethr:0xF5FF151B15355D889C7E559c0A425d9E4E73DC5c: {'is_anomaly': False, 'score': 0.2720300046153396, 'raw_score': -0.5440600092306792}
2025-10-05 00:05:20,674 [INFO] Edge inference for did:ethr:0xF5FF151B15355D889C7E559c0A425d9E4E73DC5c: {'is_anomaly': False, 'score': 0.2709530891505806, 'raw_score': -0.5419061783011612}
2025-10-05 00:05:21,743 [INFO] Edge inference for did:ethr:0xF5FF151B15355D889C7E559c0A425d9E4E73DC5c: {'is_anomaly': True, 'score': 0.28587259567446915, 'raw_score': -0.5717451913489383}
2025-10-05 00:05:22,811 [INFO] Edge inference for did:ethr:0xF5FF151B15355D889C7E559c0A425d9E4E73DC5c: {'is_anomaly': False, 'score': 0.27716033958909575, 'raw_score': -0.5543206791781915}
2025-10-05 00:05:23,882 [INFO] Edge inference for did:ethr:0xF5FF151B15355D889C7E559c0A425d9E4E73DC5c: {'is_anomaly': False, 'score': 0.26177229755611225, 'raw_score': -0.5235445951122245}
2025-10-05 00:05:24,952 [INFO] Edge inference for did:ethr:0xF5FF151B15355D889C7E559c0A425d9E4E73DC5c: {'is_anomaly': False, 'score': 0.27217361885565655, 'raw_score': -0.5443472377113131}
2025-10-05 00:05:26,019 [INFO] Edge inference for did:ethr:0xF5FF151B15355D889C7E559c0A425d9E4E73DC5c: {'is_anomaly': True, 'score': 0.28125650631143595, 'raw_score': -0.5625130126228719}
2025-10-05 00:05:27,085 [INFO] Edge inference for did:ethr:0xF5FF151B15355D889C7E559c0A425d9E4E73DC5c: {'is_anomaly': False, 'score': 0.2796311658035392, 'raw_score': -0.5592623316070784}
2025-10-05 00:05:28,153 [INFO] Edge inference for did:ethr:0xF5FF151B15355D889C7E559c0A425d9E4E73DC5c: {'is_anomaly': False, 'score': 0.2739901561561625, 'raw_score': -0.547980312312325}
2025-10-05 00:05:29,227 [INFO] Edge inference for did:ethr:0xF5FF151B15355D889C7E559c0A425d9E4E73DC5c: {'is_anomaly': False, 'score': 0.26326811321764276, 'raw_score': -0.5265362264352855}
2025-10-05 00:05:30,297 [INFO] Edge inference for did:ethr:0xF5FF151B15355D889C7E559c0A425d9E4E73DC5c: {'is_anomaly': True, 'score': 0.28345894404806654, 'raw_score': -0.5669178880961331}
2025-10-05 00:05:31,368 [INFO] Edge inference for did:ethr:0xF5FF151B15355D889C7E559c0A425d9E4E73DC5c: {'is_anomaly': False, 'score': 0.26580699200495805, 'raw_score': -0.5316139840099161}
2025-10-05 00:06:20,157 [INFO] Edge Isolation Forest model loaded successfully
2025-10-05 00:06:24,133 [INFO] Edge Isolation Forest model loaded successfully
2025-10-05 00:06:36,924 [INFO] Edge inference for did:ethr:0xDEF34171a9C2802E03526461E94cfbFa0395657c: {'is_anomaly': False, 'score': 0.277750671347291, 'raw_score': -0.555501342694582}
2025-10-05 00:06:37,941 [INFO] Edge inference for did:ethr:0xDEF34171a9C2802E03526461E94cfbFa0395657c: {'is_anomaly': False, 'score': 0.2750727057053693, 'raw_score': -0.5501454114107386}
2025-10-05 00:06:38,959 [INFO] Edge inference for did:ethr:0xDEF34171a9C2802E03526461E94cfbFa0395657c: {'is_anomaly': False, 'score': 0.2682217991335991, 'raw_score': -0.5364435982671982}
2025-10-05 00:06:39,978 [INFO] Edge inference for did:ethr:0xDEF34171a9C2802E03526461E94cfbFa0395657c: {'is_anomaly': True, 'score': 0.2817892434408803, 'raw_score': -0.5635784868817606}
2025-10-05 00:06:41,531 [INFO] Edge inference for did:ethr:0xDEF34171a9C2802E03526461E94cfbFa0395657c: {'is_anomaly': False, 'score': 0.2630205189839956, 'raw_score': -0.5260410379679912}
2025-10-05 00:06:42,550 [INFO] Edge inference for did:ethr:0xDEF34171a9C2802E03526461E94cfbFa0395657c: {'is_anomaly': False, 'score': 0.26807877699570215, 'raw_score': -0.5361575539914043}
2025-10-05 00:06:43,570 [INFO] Edge inference for did:ethr:0xDEF34171a9C2802E03526461E94cfbFa0395657c: {'is_anomaly': False, 'score': 0.27624525464799105, 'raw_score': -0.5524905092959821}
2025-10-05 00:06:44,588 [INFO] Edge inference for did:ethr:0xDEF34171a9C2802E03526461E94cfbFa0395657c: {'is_anomaly': False, 'score': 0.2762457852153587, 'raw_score': -0.5524915704307174}
2025-10-05 00:06:45,611 [INFO] Edge inference for did:ethr:0xDEF34171a9C2802E03526461E94cfbFa0395657c: {'is_anomaly': False, 'score': 0.26827853142442465, 'raw_score': -0.5365570628488493}
2025-10-05 00:06:46,639 [INFO] Edge inference for did:ethr:0xDEF34171a9C2802E03526461E94cfbFa0395657c: {'is_anomaly': False, 'score': 0.2638310034757121, 'raw_score': -0.5276620069514242}
2025-10-05 00:06:47,659 [INFO] Edge inference for did:ethr:0xDEF34171a9C2802E03526461E94cfbFa0395657c: {'is_anomaly': False, 'score': 0.2756739197107022, 'raw_score': -0.5513478394214044}
2025-10-05 00:06:48,677 [INFO] Edge inference for did:ethr:0xDEF34171a9C2802E03526461E94cfbFa0395657c: {'is_anomaly': False, 'score': 0.27590224240893507, 'raw_score': -0.5518044848178701}
2025-10-05 00:06:49,695 [INFO] Edge inference for did:ethr:0xDEF34171a9C2802E03526461E94cfbFa0395657c: {'is_anomaly': True, 'score': 0.28174095318943615, 'raw_score': -0.5634819063788723}
2025-10-05 00:06:50,712 [INFO] Edge inference for did:ethr:0xDEF34171a9C2802E03526461E94cfbFa0395657c: {'is_anomaly': False, 'score': 0.26647184725746076, 'raw_score': -0.5329436945149215}
2025-10-05 00:06:51,733 [INFO] Edge inference for did:ethr:0xDEF34171a9C2802E03526461E94cfbFa0395657c: {'is_anomaly': False, 'score': 0.2525466590001674, 'raw_score': -0.5050933180003347}
2025-10-05 00:06:52,754 [INFO] Edge inference for did:ethr:0xDEF34171a9C2802E03526461E94cfbFa0395657c: {'is_anomaly': True, 'score': 0.28838538453851903, 'raw_score': -0.5767707690770381}
2025-10-05 00:06:53,448 [INFO] Edge inference for did:ethr:0x5E1fb80f8385B8474A507Fe99ac1f183879A19e3: {'is_anomaly': True, 'score': 0.29179583431935685, 'raw_score': -0.5835916686387137}
2025-10-05 00:06:54,468 [INFO] Edge inference for did:ethr:0x5E1fb80f8385B8474A507Fe99ac1f183879A19e3: {'is_anomaly': False, 'score': 0.25785720049032873, 'raw_score': -0.5157144009806575}
2025-10-05 00:06:55,488 [INFO] Edge inference for did:ethr:0x5E1fb80f8385B8474A507Fe99ac1f183879A19e3: {'is_anomaly': False, 'score': 0.269000692998235, 'raw_score': -0.53800138599647}
2025-10-05 00:06:56,508 [INFO] Edge inference for did:ethr:0x5E1fb80f8385B8474A507Fe99ac1f183879A19e3: {'is_anomaly': True, 'score': 0.2902745903391932, 'raw_score': -0.5805491806783863}
2025-10-05 00:06:57,529 [INFO] Edge inference for did:ethr:0x5E1fb80f8385B8474A507Fe99ac1f183879A19e3: {'is_anomaly': True, 'score': 0.2936543214121279, 'raw_score': -0.5873086428242558}
2025-10-05 00:06:58,548 [INFO] Edge inference for did:ethr:0x5E1fb80f8385B8474A507Fe99ac1f183879A19e3: {'is_anomaly': False, 'score': 0.27865728147497143, 'raw_score': -0.5573145629499429}
2025-10-05 00:06:59,453 [INFO] Edge inference for did:ethr:0x3AeB708512a67cFDd6205044defFF51DeE15dc92: {'is_anomaly': False, 'score': 0.27519696525252074, 'raw_score': -0.5503939305050415}
2025-10-05 00:07:00,473 [INFO] Edge inference for did:ethr:0x3AeB708512a67cFDd6205044defFF51DeE15dc92: {'is_anomaly': False, 'score': 0.2755429803980701, 'raw_score': -0.5510859607961403}
2025-10-05 00:07:01,491 [INFO] Edge inference for did:ethr:0x3AeB708512a67cFDd6205044defFF51DeE15dc92: {'is_anomaly': False, 'score': 0.2678627307136882, 'raw_score': -0.5357254614273764}
